Tue Jun 10 02:40:51 NZST 2025 Thread[#22,AWT-EventQueue-0,6,main] Cleanup action starting
ERROR XBM0A: The database directory '/Users/soyeon/Downloads/P31_22185169_23214287 2/simpleerp/simpleerpdb' exists. However, it does not contain the expected 'service.properties' file. Perhaps Derby was brought down in the middle of creating this database. You may want to delete this directory and try creating the database again.
	at org.apache.derby.iapi.error.StandardException.newException(Unknown Source)
	at org.apache.derby.iapi.error.StandardException.newException(Unknown Source)
	at org.apache.derby.impl.services.monitor.StorageFactoryService.vetService(Unknown Source)
	at org.apache.derby.impl.services.monitor.StorageFactoryService.access$900(Unknown Source)
	at org.apache.derby.impl.services.monitor.StorageFactoryService$10.run(Unknown Source)
	at java.base/java.security.AccessController.doPrivileged(AccessController.java:571)
	at org.apache.derby.impl.services.monitor.StorageFactoryService.createServiceRoot(Unknown Source)
	at org.apache.derby.impl.services.monitor.BaseMonitor.bootService(Unknown Source)
	at org.apache.derby.impl.services.monitor.BaseMonitor.createPersistentService(Unknown Source)
	at org.apache.derby.impl.services.monitor.FileMonitor.createPersistentService(Unknown Source)
	at org.apache.derby.iapi.services.monitor.Monitor.createPersistentService(Unknown Source)
	at org.apache.derby.impl.jdbc.EmbedConnection$5.run(Unknown Source)
	at java.base/java.security.AccessController.doPrivileged(AccessController.java:571)
	at org.apache.derby.impl.jdbc.EmbedConnection.createPersistentService(Unknown Source)
	at org.apache.derby.impl.jdbc.EmbedConnection.createDatabase(Unknown Source)
	at org.apache.derby.impl.jdbc.EmbedConnection.<init>(Unknown Source)
	at org.apache.derby.jdbc.InternalDriver$1.run(Unknown Source)
	at org.apache.derby.jdbc.InternalDriver$1.run(Unknown Source)
	at java.base/java.security.AccessController.doPrivileged(AccessController.java:571)
	at org.apache.derby.jdbc.InternalDriver.getNewEmbedConnection(Unknown Source)
	at org.apache.derby.jdbc.InternalDriver.connect(Unknown Source)
	at org.apache.derby.jdbc.InternalDriver.connect(Unknown Source)
	at org.apache.derby.jdbc.AutoloadedDriver.connect(Unknown Source)
	at java.sql/java.sql.DriverManager.getConnection(DriverManager.java:683)
	at java.sql/java.sql.DriverManager.getConnection(DriverManager.java:253)
	at db.DatabaseManager.initializeDatabase(DatabaseManager.java:24)
	at db.DatabaseManager.<init>(DatabaseManager.java:18)
	at db.DatabaseManager.getInstance(DatabaseManager.java:40)
	at dao.UserDAO.login(UserDAO.java:18)
	at gui.LoginFrame.loginAction(LoginFrame.java:196)
	at java.desktop/javax.swing.JTextField.fireActionPerformed(JTextField.java:525)
	at java.desktop/javax.swing.JTextField.postActionEvent(JTextField.java:740)
	at java.desktop/javax.swing.JTextField$NotifyAction.actionPerformed(JTextField.java:856)
	at java.desktop/javax.swing.SwingUtilities.notifyAction(SwingUtilities.java:1810)
	at java.desktop/javax.swing.JComponent.processKeyBinding(JComponent.java:2956)
	at java.desktop/javax.swing.JComponent.processKeyBindings(JComponent.java:3004)
	at java.desktop/javax.swing.JComponent.processKeyEvent(JComponent.java:2918)
	at java.desktop/java.awt.Component.processEvent(Component.java:6398)
	at java.desktop/java.awt.Container.processEvent(Container.java:2266)
	at java.desktop/java.awt.Component.dispatchEventImpl(Component.java:4996)
	at java.desktop/java.awt.Container.dispatchEventImpl(Container.java:2324)
	at java.desktop/java.awt.Component.dispatchEvent(Component.java:4828)
	at java.desktop/java.awt.KeyboardFocusManager.redispatchEvent(KeyboardFocusManager.java:1952)
	at java.desktop/java.awt.DefaultKeyboardFocusManager.dispatchKeyEvent(DefaultKeyboardFocusManager.java:883)
	at java.desktop/java.awt.DefaultKeyboardFocusManager.preDispatchKeyEvent(DefaultKeyboardFocusManager.java:1146)
	at java.desktop/java.awt.DefaultKeyboardFocusManager.typeAheadAssertions(DefaultKeyboardFocusManager.java:1020)
	at java.desktop/java.awt.DefaultKeyboardFocusManager.dispatchEvent(DefaultKeyboardFocusManager.java:848)
	at java.desktop/java.awt.Component.dispatchEventImpl(Component.java:4877)
	at java.desktop/java.awt.Container.dispatchEventImpl(Container.java:2324)
	at java.desktop/java.awt.Window.dispatchEventImpl(Window.java:2780)
	at java.desktop/java.awt.Component.dispatchEvent(Component.java:4828)
	at java.desktop/java.awt.EventQueue.dispatchEventImpl(EventQueue.java:775)
	at java.desktop/java.awt.EventQueue$4.run(EventQueue.java:720)
	at java.desktop/java.awt.EventQueue$4.run(EventQueue.java:714)
	at java.base/java.security.AccessController.doPrivileged(AccessController.java:400)
	at java.base/java.security.ProtectionDomain$JavaSecurityAccessImpl.doIntersectionPrivilege(ProtectionDomain.java:87)
	at java.base/java.security.ProtectionDomain$JavaSecurityAccessImpl.doIntersectionPrivilege(ProtectionDomain.java:98)
	at java.desktop/java.awt.EventQueue$5.run(EventQueue.java:747)
	at java.desktop/java.awt.EventQueue$5.run(EventQueue.java:745)
	at java.base/java.security.AccessController.doPrivileged(AccessController.java:400)
	at java.base/java.security.ProtectionDomain$JavaSecurityAccessImpl.doIntersectionPrivilege(ProtectionDomain.java:87)
	at java.desktop/java.awt.EventQueue.dispatchEvent(EventQueue.java:744)
	at java.desktop/java.awt.EventDispatchThread.pumpOneEventForFilters(EventDispatchThread.java:203)
	at java.desktop/java.awt.EventDispatchThread.pumpEventsForFilter(EventDispatchThread.java:124)
	at java.desktop/java.awt.EventDispatchThread.pumpEventsForHierarchy(EventDispatchThread.java:113)
	at java.desktop/java.awt.EventDispatchThread.pumpEvents(EventDispatchThread.java:109)
	at java.desktop/java.awt.EventDispatchThread.pumpEvents(EventDispatchThread.java:101)
	at java.desktop/java.awt.EventDispatchThread.run(EventDispatchThread.java:90)
Cleanup action completed
Tue Jun 10 02:40:51 NZST 2025 Thread[#22,AWT-EventQueue-0,6,main] Cleanup action starting
java.sql.SQLException: Failed to create database 'simpleerpdb', see the next exception for details.
	at org.apache.derby.impl.jdbc.SQLExceptionFactory.getSQLException(Unknown Source)
	at org.apache.derby.impl.jdbc.SQLExceptionFactory.getSQLException(Unknown Source)
	at org.apache.derby.impl.jdbc.Util.seeNextException(Unknown Source)
	at org.apache.derby.impl.jdbc.EmbedConnection.createDatabase(Unknown Source)
	at org.apache.derby.impl.jdbc.EmbedConnection.<init>(Unknown Source)
	at org.apache.derby.jdbc.InternalDriver$1.run(Unknown Source)
	at org.apache.derby.jdbc.InternalDriver$1.run(Unknown Source)
	at java.base/java.security.AccessController.doPrivileged(AccessController.java:571)
	at org.apache.derby.jdbc.InternalDriver.getNewEmbedConnection(Unknown Source)
	at org.apache.derby.jdbc.InternalDriver.connect(Unknown Source)
	at org.apache.derby.jdbc.InternalDriver.connect(Unknown Source)
	at org.apache.derby.jdbc.AutoloadedDriver.connect(Unknown Source)
	at java.sql/java.sql.DriverManager.getConnection(DriverManager.java:683)
	at java.sql/java.sql.DriverManager.getConnection(DriverManager.java:253)
	at db.DatabaseManager.initializeDatabase(DatabaseManager.java:24)
	at db.DatabaseManager.<init>(DatabaseManager.java:18)
	at db.DatabaseManager.getInstance(DatabaseManager.java:40)
	at dao.UserDAO.login(UserDAO.java:18)
	at gui.LoginFrame.loginAction(LoginFrame.java:196)
	at java.desktop/javax.swing.JTextField.fireActionPerformed(JTextField.java:525)
	at java.desktop/javax.swing.JTextField.postActionEvent(JTextField.java:740)
	at java.desktop/javax.swing.JTextField$NotifyAction.actionPerformed(JTextField.java:856)
	at java.desktop/javax.swing.SwingUtilities.notifyAction(SwingUtilities.java:1810)
	at java.desktop/javax.swing.JComponent.processKeyBinding(JComponent.java:2956)
	at java.desktop/javax.swing.JComponent.processKeyBindings(JComponent.java:3004)
	at java.desktop/javax.swing.JComponent.processKeyEvent(JComponent.java:2918)
	at java.desktop/java.awt.Component.processEvent(Component.java:6398)
	at java.desktop/java.awt.Container.processEvent(Container.java:2266)
	at java.desktop/java.awt.Component.dispatchEventImpl(Component.java:4996)
	at java.desktop/java.awt.Container.dispatchEventImpl(Container.java:2324)
	at java.desktop/java.awt.Component.dispatchEvent(Component.java:4828)
	at java.desktop/java.awt.KeyboardFocusManager.redispatchEvent(KeyboardFocusManager.java:1952)
	at java.desktop/java.awt.DefaultKeyboardFocusManager.dispatchKeyEvent(DefaultKeyboardFocusManager.java:883)
	at java.desktop/java.awt.DefaultKeyboardFocusManager.preDispatchKeyEvent(DefaultKeyboardFocusManager.java:1146)
	at java.desktop/java.awt.DefaultKeyboardFocusManager.typeAheadAssertions(DefaultKeyboardFocusManager.java:1020)
	at java.desktop/java.awt.DefaultKeyboardFocusManager.dispatchEvent(DefaultKeyboardFocusManager.java:848)
	at java.desktop/java.awt.Component.dispatchEventImpl(Component.java:4877)
	at java.desktop/java.awt.Container.dispatchEventImpl(Container.java:2324)
	at java.desktop/java.awt.Window.dispatchEventImpl(Window.java:2780)
	at java.desktop/java.awt.Component.dispatchEvent(Component.java:4828)
	at java.desktop/java.awt.EventQueue.dispatchEventImpl(EventQueue.java:775)
	at java.desktop/java.awt.EventQueue$4.run(EventQueue.java:720)
	at java.desktop/java.awt.EventQueue$4.run(EventQueue.java:714)
	at java.base/java.security.AccessController.doPrivileged(AccessController.java:400)
	at java.base/java.security.ProtectionDomain$JavaSecurityAccessImpl.doIntersectionPrivilege(ProtectionDomain.java:87)
	at java.base/java.security.ProtectionDomain$JavaSecurityAccessImpl.doIntersectionPrivilege(ProtectionDomain.java:98)
	at java.desktop/java.awt.EventQueue$5.run(EventQueue.java:747)
	at java.desktop/java.awt.EventQueue$5.run(EventQueue.java:745)
	at java.base/java.security.AccessController.doPrivileged(AccessController.java:400)
	at java.base/java.security.ProtectionDomain$JavaSecurityAccessImpl.doIntersectionPrivilege(ProtectionDomain.java:87)
	at java.desktop/java.awt.EventQueue.dispatchEvent(EventQueue.java:744)
	at java.desktop/java.awt.EventDispatchThread.pumpOneEventForFilters(EventDispatchThread.java:203)
	at java.desktop/java.awt.EventDispatchThread.pumpEventsForFilter(EventDispatchThread.java:124)
	at java.desktop/java.awt.EventDispatchThread.pumpEventsForHierarchy(EventDispatchThread.java:113)
	at java.desktop/java.awt.EventDispatchThread.pumpEvents(EventDispatchThread.java:109)
	at java.desktop/java.awt.EventDispatchThread.pumpEvents(EventDispatchThread.java:101)
	at java.desktop/java.awt.EventDispatchThread.run(EventDispatchThread.java:90)
Caused by: ERROR XJ041: Failed to create database 'simpleerpdb', see the next exception for details.
	at org.apache.derby.iapi.error.StandardException.newException(Unknown Source)
	at org.apache.derby.impl.jdbc.SQLExceptionFactory.wrapArgsForTransportAcrossDRDA(Unknown Source)
	... 57 more
Caused by: ERROR XBM0A: The database directory '/Users/soyeon/Downloads/P31_22185169_23214287 2/simpleerp/simpleerpdb' exists. However, it does not contain the expected 'service.properties' file. Perhaps Derby was brought down in the middle of creating this database. You may want to delete this directory and try creating the database again.
	at org.apache.derby.iapi.error.StandardException.newException(Unknown Source)
	at org.apache.derby.iapi.error.StandardException.newException(Unknown Source)
	at org.apache.derby.impl.services.monitor.StorageFactoryService.vetService(Unknown Source)
	at org.apache.derby.impl.services.monitor.StorageFactoryService.access$900(Unknown Source)
	at org.apache.derby.impl.services.monitor.StorageFactoryService$10.run(Unknown Source)
	at java.base/java.security.AccessController.doPrivileged(AccessController.java:571)
	at org.apache.derby.impl.services.monitor.StorageFactoryService.createServiceRoot(Unknown Source)
	at org.apache.derby.impl.services.monitor.BaseMonitor.bootService(Unknown Source)
	at org.apache.derby.impl.services.monitor.BaseMonitor.createPersistentService(Unknown Source)
	at org.apache.derby.impl.services.monitor.FileMonitor.createPersistentService(Unknown Source)
	at org.apache.derby.iapi.services.monitor.Monitor.createPersistentService(Unknown Source)
	at org.apache.derby.impl.jdbc.EmbedConnection$5.run(Unknown Source)
	at java.base/java.security.AccessController.doPrivileged(AccessController.java:571)
	at org.apache.derby.impl.jdbc.EmbedConnection.createPersistentService(Unknown Source)
	... 54 more
============= begin nested exception, level (1) ===========
java.sql.SQLException: The database directory '/Users/soyeon/Downloads/P31_22185169_23214287 2/simpleerp/simpleerpdb' exists. However, it does not contain the expected 'service.properties' file. Perhaps Derby was brought down in the middle of creating this database. You may want to delete this directory and try creating the database again.
	at org.apache.derby.impl.jdbc.SQLExceptionFactory.getSQLException(Unknown Source)
	at org.apache.derby.impl.jdbc.Util.generateCsSQLException(Unknown Source)
	at org.apache.derby.impl.jdbc.TransactionResourceImpl.wrapInSQLException(Unknown Source)
	at org.apache.derby.impl.jdbc.TransactionResourceImpl.handleException(Unknown Source)
	at org.apache.derby.impl.jdbc.EmbedConnection.handleException(Unknown Source)
	at org.apache.derby.impl.jdbc.EmbedConnection.createDatabase(Unknown Source)
	at org.apache.derby.impl.jdbc.EmbedConnection.<init>(Unknown Source)
	at org.apache.derby.jdbc.InternalDriver$1.run(Unknown Source)
	at org.apache.derby.jdbc.InternalDriver$1.run(Unknown Source)
	at java.base/java.security.AccessController.doPrivileged(AccessController.java:571)
	at org.apache.derby.jdbc.InternalDriver.getNewEmbedConnection(Unknown Source)
	at org.apache.derby.jdbc.InternalDriver.connect(Unknown Source)
	at org.apache.derby.jdbc.InternalDriver.connect(Unknown Source)
	at org.apache.derby.jdbc.AutoloadedDriver.connect(Unknown Source)
	at java.sql/java.sql.DriverManager.getConnection(DriverManager.java:683)
	at java.sql/java.sql.DriverManager.getConnection(DriverManager.java:253)
	at db.DatabaseManager.initializeDatabase(DatabaseManager.java:24)
	at db.DatabaseManager.<init>(DatabaseManager.java:18)
	at db.DatabaseManager.getInstance(DatabaseManager.java:40)
	at dao.UserDAO.login(UserDAO.java:18)
	at gui.LoginFrame.loginAction(LoginFrame.java:196)
	at java.desktop/javax.swing.JTextField.fireActionPerformed(JTextField.java:525)
	at java.desktop/javax.swing.JTextField.postActionEvent(JTextField.java:740)
	at java.desktop/javax.swing.JTextField$NotifyAction.actionPerformed(JTextField.java:856)
	at java.desktop/javax.swing.SwingUtilities.notifyAction(SwingUtilities.java:1810)
	at java.desktop/javax.swing.JComponent.processKeyBinding(JComponent.java:2956)
	at java.desktop/javax.swing.JComponent.processKeyBindings(JComponent.java:3004)
	at java.desktop/javax.swing.JComponent.processKeyEvent(JComponent.java:2918)
	at java.desktop/java.awt.Component.processEvent(Component.java:6398)
	at java.desktop/java.awt.Container.processEvent(Container.java:2266)
	at java.desktop/java.awt.Component.dispatchEventImpl(Component.java:4996)
	at java.desktop/java.awt.Container.dispatchEventImpl(Container.java:2324)
	at java.desktop/java.awt.Component.dispatchEvent(Component.java:4828)
	at java.desktop/java.awt.KeyboardFocusManager.redispatchEvent(KeyboardFocusManager.java:1952)
	at java.desktop/java.awt.DefaultKeyboardFocusManager.dispatchKeyEvent(DefaultKeyboardFocusManager.java:883)
	at java.desktop/java.awt.DefaultKeyboardFocusManager.preDispatchKeyEvent(DefaultKeyboardFocusManager.java:1146)
	at java.desktop/java.awt.DefaultKeyboardFocusManager.typeAheadAssertions(DefaultKeyboardFocusManager.java:1020)
	at java.desktop/java.awt.DefaultKeyboardFocusManager.dispatchEvent(DefaultKeyboardFocusManager.java:848)
	at java.desktop/java.awt.Component.dispatchEventImpl(Component.java:4877)
	at java.desktop/java.awt.Container.dispatchEventImpl(Container.java:2324)
	at java.desktop/java.awt.Window.dispatchEventImpl(Window.java:2780)
	at java.desktop/java.awt.Component.dispatchEvent(Component.java:4828)
	at java.desktop/java.awt.EventQueue.dispatchEventImpl(EventQueue.java:775)
	at java.desktop/java.awt.EventQueue$4.run(EventQueue.java:720)
	at java.desktop/java.awt.EventQueue$4.run(EventQueue.java:714)
	at java.base/java.security.AccessController.doPrivileged(AccessController.java:400)
	at java.base/java.security.ProtectionDomain$JavaSecurityAccessImpl.doIntersectionPrivilege(ProtectionDomain.java:87)
	at java.base/java.security.ProtectionDomain$JavaSecurityAccessImpl.doIntersectionPrivilege(ProtectionDomain.java:98)
	at java.desktop/java.awt.EventQueue$5.run(EventQueue.java:747)
	at java.desktop/java.awt.EventQueue$5.run(EventQueue.java:745)
	at java.base/java.security.AccessController.doPrivileged(AccessController.java:400)
	at java.base/java.security.ProtectionDomain$JavaSecurityAccessImpl.doIntersectionPrivilege(ProtectionDomain.java:87)
	at java.desktop/java.awt.EventQueue.dispatchEvent(EventQueue.java:744)
	at java.desktop/java.awt.EventDispatchThread.pumpOneEventForFilters(EventDispatchThread.java:203)
	at java.desktop/java.awt.EventDispatchThread.pumpEventsForFilter(EventDispatchThread.java:124)
	at java.desktop/java.awt.EventDispatchThread.pumpEventsForHierarchy(EventDispatchThread.java:113)
	at java.desktop/java.awt.EventDispatchThread.pumpEvents(EventDispatchThread.java:109)
	at java.desktop/java.awt.EventDispatchThread.pumpEvents(EventDispatchThread.java:101)
	at java.desktop/java.awt.EventDispatchThread.run(EventDispatchThread.java:90)
Caused by: ERROR XBM0A: The database directory '/Users/soyeon/Downloads/P31_22185169_23214287 2/simpleerp/simpleerpdb' exists. However, it does not contain the expected 'service.properties' file. Perhaps Derby was brought down in the middle of creating this database. You may want to delete this directory and try creating the database again.
	at org.apache.derby.iapi.error.StandardException.newException(Unknown Source)
	at org.apache.derby.iapi.error.StandardException.newException(Unknown Source)
	at org.apache.derby.impl.services.monitor.StorageFactoryService.vetService(Unknown Source)
	at org.apache.derby.impl.services.monitor.StorageFactoryService.access$900(Unknown Source)
	at org.apache.derby.impl.services.monitor.StorageFactoryService$10.run(Unknown Source)
	at java.base/java.security.AccessController.doPrivileged(AccessController.java:571)
	at org.apache.derby.impl.services.monitor.StorageFactoryService.createServiceRoot(Unknown Source)
	at org.apache.derby.impl.services.monitor.BaseMonitor.bootService(Unknown Source)
	at org.apache.derby.impl.services.monitor.BaseMonitor.createPersistentService(Unknown Source)
	at org.apache.derby.impl.services.monitor.FileMonitor.createPersistentService(Unknown Source)
	at org.apache.derby.iapi.services.monitor.Monitor.createPersistentService(Unknown Source)
	at org.apache.derby.impl.jdbc.EmbedConnection$5.run(Unknown Source)
	at java.base/java.security.AccessController.doPrivileged(AccessController.java:571)
	at org.apache.derby.impl.jdbc.EmbedConnection.createPersistentService(Unknown Source)
	... 54 more
============= end nested exception, level (1) ===========
============= begin nested exception, level (2) ===========
ERROR XBM0A: The database directory '/Users/soyeon/Downloads/P31_22185169_23214287 2/simpleerp/simpleerpdb' exists. However, it does not contain the expected 'service.properties' file. Perhaps Derby was brought down in the middle of creating this database. You may want to delete this directory and try creating the database again.
	at org.apache.derby.iapi.error.StandardException.newException(Unknown Source)
	at org.apache.derby.iapi.error.StandardException.newException(Unknown Source)
	at org.apache.derby.impl.services.monitor.StorageFactoryService.vetService(Unknown Source)
	at org.apache.derby.impl.services.monitor.StorageFactoryService.access$900(Unknown Source)
	at org.apache.derby.impl.services.monitor.StorageFactoryService$10.run(Unknown Source)
	at java.base/java.security.AccessController.doPrivileged(AccessController.java:571)
	at org.apache.derby.impl.services.monitor.StorageFactoryService.createServiceRoot(Unknown Source)
	at org.apache.derby.impl.services.monitor.BaseMonitor.bootService(Unknown Source)
	at org.apache.derby.impl.services.monitor.BaseMonitor.createPersistentService(Unknown Source)
	at org.apache.derby.impl.services.monitor.FileMonitor.createPersistentService(Unknown Source)
	at org.apache.derby.iapi.services.monitor.Monitor.createPersistentService(Unknown Source)
	at org.apache.derby.impl.jdbc.EmbedConnection$5.run(Unknown Source)
	at java.base/java.security.AccessController.doPrivileged(AccessController.java:571)
	at org.apache.derby.impl.jdbc.EmbedConnection.createPersistentService(Unknown Source)
	at org.apache.derby.impl.jdbc.EmbedConnection.createDatabase(Unknown Source)
	at org.apache.derby.impl.jdbc.EmbedConnection.<init>(Unknown Source)
	at org.apache.derby.jdbc.InternalDriver$1.run(Unknown Source)
	at org.apache.derby.jdbc.InternalDriver$1.run(Unknown Source)
	at java.base/java.security.AccessController.doPrivileged(AccessController.java:571)
	at org.apache.derby.jdbc.InternalDriver.getNewEmbedConnection(Unknown Source)
	at org.apache.derby.jdbc.InternalDriver.connect(Unknown Source)
	at org.apache.derby.jdbc.InternalDriver.connect(Unknown Source)
	at org.apache.derby.jdbc.AutoloadedDriver.connect(Unknown Source)
	at java.sql/java.sql.DriverManager.getConnection(DriverManager.java:683)
	at java.sql/java.sql.DriverManager.getConnection(DriverManager.java:253)
	at db.DatabaseManager.initializeDatabase(DatabaseManager.java:24)
	at db.DatabaseManager.<init>(DatabaseManager.java:18)
	at db.DatabaseManager.getInstance(DatabaseManager.java:40)
	at dao.UserDAO.login(UserDAO.java:18)
	at gui.LoginFrame.loginAction(LoginFrame.java:196)
	at java.desktop/javax.swing.JTextField.fireActionPerformed(JTextField.java:525)
	at java.desktop/javax.swing.JTextField.postActionEvent(JTextField.java:740)
	at java.desktop/javax.swing.JTextField$NotifyAction.actionPerformed(JTextField.java:856)
	at java.desktop/javax.swing.SwingUtilities.notifyAction(SwingUtilities.java:1810)
	at java.desktop/javax.swing.JComponent.processKeyBinding(JComponent.java:2956)
	at java.desktop/javax.swing.JComponent.processKeyBindings(JComponent.java:3004)
	at java.desktop/javax.swing.JComponent.processKeyEvent(JComponent.java:2918)
	at java.desktop/java.awt.Component.processEvent(Component.java:6398)
	at java.desktop/java.awt.Container.processEvent(Container.java:2266)
	at java.desktop/java.awt.Component.dispatchEventImpl(Component.java:4996)
	at java.desktop/java.awt.Container.dispatchEventImpl(Container.java:2324)
	at java.desktop/java.awt.Component.dispatchEvent(Component.java:4828)
	at java.desktop/java.awt.KeyboardFocusManager.redispatchEvent(KeyboardFocusManager.java:1952)
	at java.desktop/java.awt.DefaultKeyboardFocusManager.dispatchKeyEvent(DefaultKeyboardFocusManager.java:883)
	at java.desktop/java.awt.DefaultKeyboardFocusManager.preDispatchKeyEvent(DefaultKeyboardFocusManager.java:1146)
	at java.desktop/java.awt.DefaultKeyboardFocusManager.typeAheadAssertions(DefaultKeyboardFocusManager.java:1020)
	at java.desktop/java.awt.DefaultKeyboardFocusManager.dispatchEvent(DefaultKeyboardFocusManager.java:848)
	at java.desktop/java.awt.Component.dispatchEventImpl(Component.java:4877)
	at java.desktop/java.awt.Container.dispatchEventImpl(Container.java:2324)
	at java.desktop/java.awt.Window.dispatchEventImpl(Window.java:2780)
	at java.desktop/java.awt.Component.dispatchEvent(Component.java:4828)
	at java.desktop/java.awt.EventQueue.dispatchEventImpl(EventQueue.java:775)
	at java.desktop/java.awt.EventQueue$4.run(EventQueue.java:720)
	at java.desktop/java.awt.EventQueue$4.run(EventQueue.java:714)
	at java.base/java.security.AccessController.doPrivileged(AccessController.java:400)
	at java.base/java.security.ProtectionDomain$JavaSecurityAccessImpl.doIntersectionPrivilege(ProtectionDomain.java:87)
	at java.base/java.security.ProtectionDomain$JavaSecurityAccessImpl.doIntersectionPrivilege(ProtectionDomain.java:98)
	at java.desktop/java.awt.EventQueue$5.run(EventQueue.java:747)
	at java.desktop/java.awt.EventQueue$5.run(EventQueue.java:745)
	at java.base/java.security.AccessController.doPrivileged(AccessController.java:400)
	at java.base/java.security.ProtectionDomain$JavaSecurityAccessImpl.doIntersectionPrivilege(ProtectionDomain.java:87)
	at java.desktop/java.awt.EventQueue.dispatchEvent(EventQueue.java:744)
	at java.desktop/java.awt.EventDispatchThread.pumpOneEventForFilters(EventDispatchThread.java:203)
	at java.desktop/java.awt.EventDispatchThread.pumpEventsForFilter(EventDispatchThread.java:124)
	at java.desktop/java.awt.EventDispatchThread.pumpEventsForHierarchy(EventDispatchThread.java:113)
	at java.desktop/java.awt.EventDispatchThread.pumpEvents(EventDispatchThread.java:109)
	at java.desktop/java.awt.EventDispatchThread.pumpEvents(EventDispatchThread.java:101)
	at java.desktop/java.awt.EventDispatchThread.run(EventDispatchThread.java:90)
============= end nested exception, level (2) ===========
Cleanup action completed
----------------------------------------------------------------
Tue Jun 10 02:40:51 NZST 2025:
Booting Derby version The Apache Software Foundation - Apache Derby - 10.14.2.0 - (1828579): instance a816c00e-0197-5523-127d-00000ef9cf48 
on database directory /Users/soyeon/Downloads/P31_22185169_23214287 2/simpleerp/simpleerpdb_backup with class loader jdk.internal.loader.ClassLoaders$AppClassLoader@677327b6 
Loaded from file:/Users/soyeon/Downloads/P31_22185169_23214287%202/simpleerp/lib/derby.jar
java.vendor=Oracle Corporation
java.runtime.version=21.0.5+9-LTS-239
user.dir=/Users/soyeon/Downloads/P31_22185169_23214287 2/simpleerp
os.name=Mac OS X
os.arch=aarch64
os.version=15.5
derby.system.home=null
Database Class Loader started - derby.database.classpath=''
----------------------------------------------------------------
Tue Jun 10 02:41:36 NZST 2025: Shutting down Derby engine
----------------------------------------------------------------
Tue Jun 10 02:41:36 NZST 2025:
Shutting down instance a816c00e-0197-5523-127d-00000ef9cf48 on database directory /Users/soyeon/Downloads/P31_22185169_23214287 2/simpleerp/simpleerpdb_backup with class loader jdk.internal.loader.ClassLoaders$AppClassLoader@677327b6 
----------------------------------------------------------------
